
> blogger@0.0.0 start
> node ./bin/www

[0mGET /blogadd [36m304 [0m15.561 ms - -[0m
[0mGET /stylesheets/style.css [36m304 [0m1.395 ms - -[0m
[0mGET /bootstrap/js/bootstrap.min.js [36m304 [0m12.100 ms - -[0m
[0mGET /bootstrap/css/bootstrap.min.css [36m304 [0m0.750 ms - -[0m
[0mGET / [36m304 [0m2.038 ms - -[0m
[0mGET /stylesheets/style.css [36m304 [0m0.452 ms - -[0m
[0mGET /bootstrap/css/bootstrap.min.css [36m304 [0m0.648 ms - -[0m
[0mGET /bootstrap/js/bootstrap.min.js [36m304 [0m0.590 ms - -[0m
[0mGET /bloglist [36m304 [0m1.529 ms - -[0m
[0mGET /stylesheets/style.css [36m304 [0m0.630 ms - -[0m
[0mGET /bootstrap/js/bootstrap.min.js [36m304 [0m1.803 ms - -[0m
[0mGET /bootstrap/css/bootstrap.min.css [36m304 [0m1.221 ms - -[0m
[0mGET /blogadd [36m304 [0m1.287 ms - -[0m
[0mGET /stylesheets/style.css [36m304 [0m0.552 ms - -[0m
[0mGET /bootstrap/css/bootstrap.min.css [36m304 [0m0.615 ms - -[0m
[0mGET /bootstrap/js/bootstrap.min.js [36m304 [0m0.567 ms - -[0m
[0mGET / [36m304 [0m1.273 ms - -[0m
[0mGET /stylesheets/style.css [36m304 [0m1.047 ms - -[0m
[0mGET /bootstrap/js/bootstrap.min.js [36m304 [0m1.453 ms - -[0m
[0mGET /bootstrap/css/bootstrap.min.css [36m304 [0m0.930 ms - -[0m
[0mGET /.env [33m404 [0m2.604 ms - 1404[0m
Error: Failed to lookup view "error" in views directory "/home/bitnami/.git/blog3/blogger/blogger/views"
    at Function.render (/home/bitnami/.git/blog3/blogger/blogger/node_modules/express/lib/application.js:580:17)
    at ServerResponse.render (/home/bitnami/.git/blog3/blogger/blogger/node_modules/express/lib/response.js:1008:7)
    at /home/bitnami/.git/blog3/blogger/blogger/app.js:37:7
    at Layer.handle_error (/home/bitnami/.git/blog3/blogger/blogger/node_modules/express/lib/router/layer.js:71:5)
    at trim_prefix (/home/bitnami/.git/blog3/blogger/blogger/node_modules/express/lib/router/index.js:315:13)
    at /home/bitnami/.git/blog3/blogger/blogger/node_modules/express/lib/router/index.js:284:7
    at Function.process_params (/home/bitnami/.git/blog3/blogger/blogger/node_modules/express/lib/router/index.js:335:12)
    at next (/home/bitnami/.git/blog3/blogger/blogger/node_modules/express/lib/router/index.js:275:10)
    at /home/bitnami/.git/blog3/blogger/blogger/app.js:26:3
    at Layer.handle [as handle_request] (/home/bitnami/.git/blog3/blogger/blogger/node_modules/express/lib/router/layer.js:95:5)
[0mPOST / [33m404 [0m14.751 ms - 1404[0m
Error: Failed to lookup view "error" in views directory "/home/bitnami/.git/blog3/blogger/blogger/views"
    at Function.render (/home/bitnami/.git/blog3/blogger/blogger/node_modules/express/lib/application.js:580:17)
    at ServerResponse.render (/home/bitnami/.git/blog3/blogger/blogger/node_modules/express/lib/response.js:1008:7)
    at /home/bitnami/.git/blog3/blogger/blogger/app.js:37:7
    at Layer.handle_error (/home/bitnami/.git/blog3/blogger/blogger/node_modules/express/lib/router/layer.js:71:5)
    at trim_prefix (/home/bitnami/.git/blog3/blogger/blogger/node_modules/express/lib/router/index.js:315:13)
    at /home/bitnami/.git/blog3/blogger/blogger/node_modules/express/lib/router/index.js:284:7
    at Function.process_params (/home/bitnami/.git/blog3/blogger/blogger/node_modules/express/lib/router/index.js:335:12)
    at next (/home/bitnami/.git/blog3/blogger/blogger/node_modules/express/lib/router/index.js:275:10)
    at /home/bitnami/.git/blog3/blogger/blogger/app.js:26:3
    at Layer.handle [as handle_request] (/home/bitnami/.git/blog3/blogger/blogger/node_modules/express/lib/router/layer.js:95:5)
[0mGET / [32m200 [0m1.818 ms - 871[0m
[0mGET / [32m200 [0m0.960 ms - 871[0m
[0mGET / [32m200 [0m0.970 ms - 871[0m
[0mGET /favicon.ico [33m404 [0m1.026 ms - 1404[0m
Error: Failed to lookup view "error" in views directory "/home/bitnami/.git/blog3/blogger/blogger/views"
    at Function.render (/home/bitnami/.git/blog3/blogger/blogger/node_modules/express/lib/application.js:580:17)
    at ServerResponse.render (/home/bitnami/.git/blog3/blogger/blogger/node_modules/express/lib/response.js:1008:7)
    at /home/bitnami/.git/blog3/blogger/blogger/app.js:37:7
    at Layer.handle_error (/home/bitnami/.git/blog3/blogger/blogger/node_modules/express/lib/router/layer.js:71:5)
    at trim_prefix (/home/bitnami/.git/blog3/blogger/blogger/node_modules/express/lib/router/index.js:315:13)
    at /home/bitnami/.git/blog3/blogger/blogger/node_modules/express/lib/router/index.js:284:7
    at Function.process_params (/home/bitnami/.git/blog3/blogger/blogger/node_modules/express/lib/router/index.js:335:12)
    at next (/home/bitnami/.git/blog3/blogger/blogger/node_modules/express/lib/router/index.js:275:10)
    at /home/bitnami/.git/blog3/blogger/blogger/app.js:26:3
    at Layer.handle [as handle_request] (/home/bitnami/.git/blog3/blogger/blogger/node_modules/express/lib/router/layer.js:95:5)
[0mGET /geoserver/web/ [33m404 [0m0.998 ms - 1404[0m
Error: Failed to lookup view "error" in views directory "/home/bitnami/.git/blog3/blogger/blogger/views"
    at Function.render (/home/bitnami/.git/blog3/blogger/blogger/node_modules/express/lib/application.js:580:17)
    at ServerResponse.render (/home/bitnami/.git/blog3/blogger/blogger/node_modules/express/lib/response.js:1008:7)
    at /home/bitnami/.git/blog3/blogger/blogger/app.js:37:7
    at Layer.handle_error (/home/bitnami/.git/blog3/blogger/blogger/node_modules/express/lib/router/layer.js:71:5)
    at trim_prefix (/home/bitnami/.git/blog3/blogger/blogger/node_modules/express/lib/router/index.js:315:13)
    at /home/bitnami/.git/blog3/blogger/blogger/node_modules/express/lib/router/index.js:284:7
    at Function.process_params (/home/bitnami/.git/blog3/blogger/blogger/node_modules/express/lib/router/index.js:335:12)
    at next (/home/bitnami/.git/blog3/blogger/blogger/node_modules/express/lib/router/index.js:275:10)
    at /home/bitnami/.git/blog3/blogger/blogger/app.js:26:3
    at Layer.handle [as handle_request] (/home/bitnami/.git/blog3/blogger/blogger/node_modules/express/lib/router/layer.js:95:5)
[0mGET / [32m200 [0m2.225 ms - 871[0m
[0mGET /.env [33m404 [0m1.145 ms - 1404[0m
Error: Failed to lookup view "error" in views directory "/home/bitnami/.git/blog3/blogger/blogger/views"
    at Function.render (/home/bitnami/.git/blog3/blogger/blogger/node_modules/express/lib/application.js:580:17)
    at ServerResponse.render (/home/bitnami/.git/blog3/blogger/blogger/node_modules/express/lib/response.js:1008:7)
    at /home/bitnami/.git/blog3/blogger/blogger/app.js:37:7
    at Layer.handle_error (/home/bitnami/.git/blog3/blogger/blogger/node_modules/express/lib/router/layer.js:71:5)
    at trim_prefix (/home/bitnami/.git/blog3/blogger/blogger/node_modules/express/lib/router/index.js:315:13)
    at /home/bitnami/.git/blog3/blogger/blogger/node_modules/express/lib/router/index.js:284:7
    at Function.process_params (/home/bitnami/.git/blog3/blogger/blogger/node_modules/express/lib/router/index.js:335:12)
    at next (/home/bitnami/.git/blog3/blogger/blogger/node_modules/express/lib/router/index.js:275:10)
    at /home/bitnami/.git/blog3/blogger/blogger/app.js:26:3
    at Layer.handle [as handle_request] (/home/bitnami/.git/blog3/blogger/blogger/node_modules/express/lib/router/layer.js:95:5)
[0mPOST / [33m404 [0m11.943 ms - 1404[0m
Error: Failed to lookup view "error" in views directory "/home/bitnami/.git/blog3/blogger/blogger/views"
    at Function.render (/home/bitnami/.git/blog3/blogger/blogger/node_modules/express/lib/application.js:580:17)
    at ServerResponse.render (/home/bitnami/.git/blog3/blogger/blogger/node_modules/express/lib/response.js:1008:7)
    at /home/bitnami/.git/blog3/blogger/blogger/app.js:37:7
    at Layer.handle_error (/home/bitnami/.git/blog3/blogger/blogger/node_modules/express/lib/router/layer.js:71:5)
    at trim_prefix (/home/bitnami/.git/blog3/blogger/blogger/node_modules/express/lib/router/index.js:315:13)
    at /home/bitnami/.git/blog3/blogger/blogger/node_modules/express/lib/router/index.js:284:7
    at Function.process_params (/home/bitnami/.git/blog3/blogger/blogger/node_modules/express/lib/router/index.js:335:12)
    at next (/home/bitnami/.git/blog3/blogger/blogger/node_modules/express/lib/router/index.js:275:10)
    at /home/bitnami/.git/blog3/blogger/blogger/app.js:26:3
    at Layer.handle [as handle_request] (/home/bitnami/.git/blog3/blogger/blogger/node_modules/express/lib/router/layer.js:95:5)
[0mGET / [32m200 [0m0.938 ms - 871[0m
[0mGET / [32m200 [0m0.872 ms - 871[0m
[0mGET /stylesheets/style.css [32m200 [0m1.898 ms - 111[0m
[0mGET /bootstrap/js/bootstrap.min.js [32m200 [0m1.567 ms - 60577[0m
[0mGET /bootstrap/css/bootstrap.min.css [32m200 [0m1.740 ms - 232948[0m
[0mGET /favicon.ico [33m404 [0m1.273 ms - 1404[0m
Error: Failed to lookup view "error" in views directory "/home/bitnami/.git/blog3/blogger/blogger/views"
    at Function.render (/home/bitnami/.git/blog3/blogger/blogger/node_modules/express/lib/application.js:580:17)
    at ServerResponse.render (/home/bitnami/.git/blog3/blogger/blogger/node_modules/express/lib/response.js:1008:7)
    at /home/bitnami/.git/blog3/blogger/blogger/app.js:37:7
    at Layer.handle_error (/home/bitnami/.git/blog3/blogger/blogger/node_modules/express/lib/router/layer.js:71:5)
    at trim_prefix (/home/bitnami/.git/blog3/blogger/blogger/node_modules/express/lib/router/index.js:315:13)
    at /home/bitnami/.git/blog3/blogger/blogger/node_modules/express/lib/router/index.js:284:7
    at Function.process_params (/home/bitnami/.git/blog3/blogger/blogger/node_modules/express/lib/router/index.js:335:12)
    at next (/home/bitnami/.git/blog3/blogger/blogger/node_modules/express/lib/router/index.js:275:10)
    at /home/bitnami/.git/blog3/blogger/blogger/app.js:26:3
    at Layer.handle [as handle_request] (/home/bitnami/.git/blog3/blogger/blogger/node_modules/express/lib/router/layer.js:95:5)
[0mGET /stylesheets/style.css [36m304 [0m1.286 ms - -[0m
[0mGET /bootstrap/css/bootstrap.min.css [36m304 [0m0.712 ms - -[0m
[0mGET /bootstrap/js/bootstrap.min.js.map [32m200 [0m2.295 ms - 220350[0m
[0mGET /bootstrap/css/bootstrap.min.css.map [32m200 [0m1.734 ms - 589161[0m
[0mGET / [36m304 [0m2.230 ms - -[0m
[0mGET /stylesheets/style.css [36m304 [0m0.475 ms - -[0m
[0mGET /bootstrap/css/bootstrap.min.css [36m304 [0m0.549 ms - -[0m
[0mGET /bootstrap/js/bootstrap.min.js [36m304 [0m0.561 ms - -[0m
[0mGET /bloglist [32m200 [0m1.145 ms - 783[0m
[0mGET /stylesheets/style.css [36m304 [0m0.416 ms - -[0m
[0mGET /bootstrap/css/bootstrap.min.css [36m304 [0m1.858 ms - -[0m
[0mGET /bootstrap/js/bootstrap.min.js [36m304 [0m1.070 ms - -[0m
[0mGET /blogadd [32m200 [0m0.876 ms - 781[0m
[0mGET /stylesheets/style.css [36m304 [0m0.551 ms - -[0m
[0mGET /bootstrap/css/bootstrap.min.css [36m304 [0m1.563 ms - -[0m
[0mGET /bootstrap/js/bootstrap.min.js [36m304 [0m0.405 ms - -[0m
[0mGET / [36m304 [0m0.954 ms - -[0m
[0mGET /stylesheets/style.css [36m304 [0m0.774 ms - -[0m
[0mGET /bootstrap/css/bootstrap.min.css [36m304 [0m1.812 ms - -[0m
[0mGET /bootstrap/js/bootstrap.min.js [36m304 [0m1.221 ms - -[0m
[0mGET /stylesheets/style.css [36m304 [0m0.608 ms - -[0m
[0mGET /bootstrap/css/bootstrap.min.css [36m304 [0m0.456 ms - -[0m
[0mGET /bootstrap/js/bootstrap.min.js.map [36m304 [0m0.588 ms - -[0m
[0mGET /bootstrap/css/bootstrap.min.css.map [36m304 [0m0.571 ms - -[0m
[0mGET / [32m200 [0m1.307 ms - 871[0m
[0mGET /stylesheets/style.css [32m200 [0m0.725 ms - 111[0m
[0mGET /bootstrap/js/bootstrap.min.js [32m200 [0m0.805 ms - 60577[0m
[0mGET /bootstrap/css/bootstrap.min.css [32m200 [0m0.817 ms - 232948[0m
[0mGET /bootstrap/js/bootstrap.min.js.map [36m304 [0m0.837 ms - -[0m
[0mGET /bootstrap/css/bootstrap.min.css.map [36m304 [0m0.520 ms - -[0m
[0mGET /favicon.ico [33m404 [0m1.019 ms - 1404[0m
Error: Failed to lookup view "error" in views directory "/home/bitnami/.git/blog3/blogger/blogger/views"
    at Function.render (/home/bitnami/.git/blog3/blogger/blogger/node_modules/express/lib/application.js:580:17)
    at ServerResponse.render (/home/bitnami/.git/blog3/blogger/blogger/node_modules/express/lib/response.js:1008:7)
    at /home/bitnami/.git/blog3/blogger/blogger/app.js:37:7
    at Layer.handle_error (/home/bitnami/.git/blog3/blogger/blogger/node_modules/express/lib/router/layer.js:71:5)
    at trim_prefix (/home/bitnami/.git/blog3/blogger/blogger/node_modules/express/lib/router/index.js:315:13)
    at /home/bitnami/.git/blog3/blogger/blogger/node_modules/express/lib/router/index.js:284:7
    at Function.process_params (/home/bitnami/.git/blog3/blogger/blogger/node_modules/express/lib/router/index.js:335:12)
    at next (/home/bitnami/.git/blog3/blogger/blogger/node_modules/express/lib/router/index.js:275:10)
    at /home/bitnami/.git/blog3/blogger/blogger/app.js:26:3
    at Layer.handle [as handle_request] (/home/bitnami/.git/blog3/blogger/blogger/node_modules/express/lib/router/layer.js:95:5)
